10000
10
0.1
2000
100000
1
10
//x-distance.between.two.cars
//y-how.many.instances.in.total.time
0 4500310
1 4112076
2 2284870
3 1574379
4 1130776
5 906643
6 719402
7 600116
8 499118
9 539618
10 1037692
11 568057
12 390304
13 269041
14 197231
15 148300
16 112599
17 87325
18 66821
19 52441
20 41153
21 32289
22 25884
23 20736
24 16819
25 13281
26 10564
27 8531
28 6718
29 5437
30 4274
31 3515
32 2730
33 2200
34 1853
35 1418
36 1139
37 892
38 683
39 568
40 472
41 371
42 270
43 225
44 177
45 130
46 114
47 98
48 69
49 62
50 51
51 35
52 26
53 18
54 14
55 11
56 11
57 7
58 6
59 5
60 6
61 4
62 3
63 2
64 3
65 2
66 1
67 2
69 1
74 1
